#
# There is insufficient memory for the Java Runtime Environment to continue.
# Native memory allocation (mmap) failed to map 65536 bytes for Failed to commit metaspace.
# Possible reasons:
#   The system is out of physical RAM or swap space
#   The process is running with CompressedOops enabled, and the Java Heap may be blocking the growth of the native heap
# Possible solutions:
#   Reduce memory load on the system
#   Increase physical memory or swap space
#   Check if swap backing store is full
#   Decrease Java heap size (-Xmx/-Xms)
#   Decrease number of Java threads
#   Decrease Java thread stack sizes (-Xss)
#   Set larger code cache with -XX:ReservedCodeCacheSize=
#   JVM is running with Zero Based Compressed Oops mode in which the Java heap is
#     placed in the first 32GB address space. The Java Heap base address is the
#     maximum limit for the native heap growth. Please use -XX:HeapBaseMinAddress
#     to set the Java Heap base and to place the Java Heap above 32GB virtual address.
# This output file may be truncated or incomplete.
#
#  Out of Memory Error (virtualSpaceNode.cpp:110), pid=31040, tid=30096
#
# JRE version: Java(TM) SE Runtime Environment (17.0.2+8) (build 17.0.2+8-LTS-86)
# Java VM: Java HotSpot(TM) 64-Bit Server VM (17.0.2+8-LTS-86, mixed mode, sharing, tiered, compressed oops, compressed class ptrs, g1 gc, windows-amd64)
# No core dump will be written. Minidumps are not enabled by default on client versions of Windows
#

---------------  S U M M A R Y ------------

Command Line: -Dfile.encoding=UTF-8 --module-path=C:\Users\kumar\OneDrive\Documents\NetBeansProjects\Employe Management.System\build\classes employe.management.system.AddEmployee

Host: 12th Gen Intel(R) Core(TM) i5-1235U, 12 cores, 15G,  Windows 11 , 64 bit Build 22621 (10.0.22621.1635)
Time: Mon Jul 10 15:43:31 2023 India Standard Time elapsed time: 0.553097 seconds (0d 0h 0m 0s)

---------------  T H R E A D  ---------------

Current thread (0x00000141ff560f50):  JavaThread "C1 CompilerThread0" daemon [_thread_in_vm, id=30096, stack(0x0000003bd2c00000,0x0000003bd2d00000)]


Current CompileTask:
C1:    553  870       3       javax.swing.JComponent::revalidate (53 bytes)

Stack: [0x0000003bd2c00000,0x0000003bd2d00000]
Native frames: (J=compiled Java code, j=interpreted, Vv=VM code, C=native code)
V  [jvm.dll+0x670baa]
V  [jvm.dll+0x7cfcb4]
V  [jvm.dll+0x7d145e]
V  [jvm.dll+0x7d1ac3]
V  [jvm.dll+0x242bc5]
V  [jvm.dll+0x7cbc5b]
V  [jvm.dll+0x616966]
V  [jvm.dll+0x6169ca]
V  [jvm.dll+0x6191da]
V  [jvm.dll+0x617306]
V  [jvm.dll+0x62846a]
V  [jvm.dll+0x62127a]
V  [jvm.dll+0x1ca2c0]
V  [jvm.dll+0x1ca4af]
V  [jvm.dll+0x144711]
V  [jvm.dll+0x144555]
V  [jvm.dll+0x13bd99]
V  [jvm.dll+0x13e395]
V  [jvm.dll+0x13c674]
V  [jvm.dll+0x14502d]
V  [jvm.dll+0x144555]
V  [jvm.dll+0x13bd99]
V  [jvm.dll+0x13e395]
V  [jvm.dll+0x13c674]
V  [jvm.dll+0x14502d]
V  [jvm.dll+0x144555]
V  [jvm.dll+0x13bd99]
V  [jvm.dll+0x13e395]
V  [jvm.dll+0x13c674]
V  [jvm.dll+0x13664f]
V  [jvm.dll+0x146176]
V  [jvm.dll+0x131d40]
V  [jvm.dll+0x1320a0]
V  [jvm.dll+0x132366]
V  [jvm.dll+0x1317fa]
V  [jvm.dll+0x1334c1]
V  [jvm.dll+0x224908]
V  [jvm.dll+0x222a6c]
V  [jvm.dll+0x7859bb]
V  [jvm.dll+0x77ff7a]
V  [jvm.dll+0x66fa35]
C  [ucrtbase.dll+0x29363]
C  [KERNEL32.DLL+0x126ad]
C  [ntdll.dll+0x5a9f8]


---------------  P R O C E S S  ---------------

Threads class SMR info:
_java_thread_list=0x00000141842d2310, length=17, elements={
0x00000141de5f9760, 0x00000141ff5471c0, 0x00000141ff547d70, 0x00000141ff558290,
0x00000141ff558e40, 0x00000141ff5599f0, 0x00000141ff55d7c0, 0x00000141ff55e4a0,
0x00000141ff560f50, 0x00000141ff5652f0, 0x00000141ff5336d0, 0x0000014182a8e290,
0x0000014182aaf730, 0x0000014182c8aac0, 0x0000014182c8af90, 0x0000014182ccc5b0,
0x000001418445d0e0
}

Java Threads: ( => current thread )
  0x00000141de5f9760 JavaThread "main" [_thread_in_vm, id=28180, stack(0x0000003bd1e00000,0x0000003bd1f00000)]
  0x00000141ff5471c0 JavaThread "Reference Handler" daemon [_thread_blocked, id=17076, stack(0x0000003bd2500000,0x0000003bd2600000)]
  0x00000141ff547d70 JavaThread "Finalizer" daemon [_thread_blocked, id=18908, stack(0x0000003bd2600000,0x0000003bd2700000)]
  0x00000141ff558290 JavaThread "Signal Dispatcher" daemon [_thread_blocked, id=30492, stack(0x0000003bd2700000,0x0000003bd2800000)]
  0x00000141ff558e40 JavaThread "Attach Listener" daemon [_thread_blocked, id=20756, stack(0x0000003bd2800000,0x0000003bd2900000)]
  0x00000141ff5599f0 JavaThread "Service Thread" daemon [_thread_blocked, id=8300, stack(0x0000003bd2900000,0x0000003bd2a00000)]
  0x00000141ff55d7c0 JavaThread "Monitor Deflation Thread" daemon [_thread_blocked, id=27144, stack(0x0000003bd2a00000,0x0000003bd2b00000)]
  0x00000141ff55e4a0 JavaThread "C2 CompilerThread0" daemon [_thread_blocked, id=31096, stack(0x0000003bd2b00000,0x0000003bd2c00000)]
=>0x00000141ff560f50 JavaThread "C1 CompilerThread0" daemon [_thread_in_vm, id=30096, stack(0x0000003bd2c00000,0x0000003bd2d00000)]
  0x00000141ff5652f0 JavaThread "Sweeper thread" daemon [_thread_blocked, id=12468, stack(0x0000003bd2d00000,0x0000003bd2e00000)]
  0x00000141ff5336d0 JavaThread "Common-Cleaner" daemon [_thread_blocked, id=18396, stack(0x0000003bd2e00000,0x0000003bd2f00000)]
  0x0000014182a8e290 JavaThread "Notification Thread" daemon [_thread_blocked, id=17996, stack(0x0000003bd2f00000,0x0000003bd3000000)]
  0x0000014182aaf730 JavaThread "C2 CompilerThread1" daemon [_thread_blocked, id=15452, stack(0x0000003bd3100000,0x0000003bd3200000)]
  0x0000014182c8aac0 JavaThread "Java2D Disposer" daemon [_thread_blocked, id=6108, stack(0x0000003bd3200000,0x0000003bd3300000)]
  0x0000014182c8af90 JavaThread "AWT-Shutdown" [_thread_blocked, id=31084, stack(0x0000003bd3300000,0x0000003bd3400000)]
  0x0000014182ccc5b0 JavaThread "AWT-Windows" daemon [_thread_in_native, id=29764, stack(0x0000003bd3400000,0x0000003bd3500000)]
  0x000001418445d0e0 JavaThread "AWT-EventQueue-0" [_thread_blocked, id=31088, stack(0x0000003bd3500000,0x0000003bd3600000)]

Other Threads:
  0x00000141ff542720 VMThread "VM Thread" [stack: 0x0000003bd2400000,0x0000003bd2500000] [id=30308]
  0x00000141de660f10 WatcherThread [stack: 0x0000003bd3000000,0x0000003bd3100000] [id=28560]
  0x00000141de648490 GCTaskThread "GC Thread#0" [stack: 0x0000003bd1f00000,0x0000003bd2000000] [id=30708]
  0x00000141de658ea0 ConcurrentGCThread "G1 Main Marker" [stack: 0x0000003bd2000000,0x0000003bd2100000] [id=24320]
  0x00000141de659a10 ConcurrentGCThread "G1 Conc#0" [stack: 0x0000003bd2100000,0x0000003bd2200000] [id=28928]
  0x00000141ff3fe530 ConcurrentGCThread "G1 Refine#0" [stack: 0x0000003bd2200000,0x0000003bd2300000] [id=30312]
  0x00000141ff3fed60 ConcurrentGCThread "G1 Service" [stack: 0x0000003bd2300000,0x0000003bd2400000] [id=30028]

Threads with active compile tasks:
C1 CompilerThread0      586  870       3       javax.swing.JComponent::revalidate (53 bytes)

VM state: not at safepoint (normal execution)

VM Mutex/Monitor currently owned by a thread:  ([mutex/lock_event])
[0x00000141de5f3070] Metaspace_lock - owner thread: 0x00000141ff560f50
[0x00000141de5f4e00] MethodData_lock - owner thread: 0x00000141ff560f50

Heap address: 0x0000000705200000, size: 4014 MB, Compressed Oops mode: Zero based, Oop shift amount: 3

CDS archive(s) mapped at: [0x0000000800000000-0x0000000800bc0000-0x0000000800bc0000), size 12320768, SharedBaseAddress: 0x0000000800000000, ArchiveRelocationMode: 0.
Compressed class space mapped at: 0x0000000800c00000-0x0000000840c00000, reserved size: 1073741824
Narrow klass base: 0x0000000800000000, Narrow klass shift: 0, Narrow klass range: 0x100000000

GC Precious Log:
 CPUs: 12 total, 12 available
 Memory: 16052M
 Large Page Support: Disabled
 NUMA Support: Disabled
 Compressed Oops: Enabled (Zero based)
 Heap Region Size: 2M
 Heap Min Capacity: 8M
 Heap Initial Capacity: 252M
 Heap Max Capacity: 4014M
 Pre-touch: Disabled
 Parallel Workers: 10
 Concurrent Workers: 3
 Concurrent Refinement Workers: 10
 Periodic GC: Disabled

Heap:
 garbage-first heap   total 258048K, used 8192K [0x0000000705200000, 0x0000000800000000)
  region size 2048K, 5 young (10240K), 0 survivors (0K)
 Metaspace       used 7958K, committed 8064K, reserved 1056768K
  class space    used 1011K, committed 1088K, reserved 1048576K

Heap Regions: E=young(eden), S=young(survivor), O=old, HS=humongous(starts), HC=humongous(continues), CS=collection set, F=free, OA=open archive, CA=closed archive, TAMS=top-at-mark-start (previous, next)
|   0|0x0000000705200000, 0x0000000705200000, 0x0000000705400000|  0%| F|  |TAMS 0x0000000705200000, 0x0000000705200000| Untracked 
|   1|0x0000000705400000, 0x0000000705400000, 0x0000000705600000|  0%| F|  |TAMS 0x0000000705400000, 0x0000000705400000| Untracked 
|   2|0x0000000705600000, 0x0000000705600000, 0x0000000705800000|  0%| F|  |TAMS 0x0000000705600000, 0x0000000705600000| Untracked 
|   3|0x0000000705800000, 0x0000000705800000, 0x0000000705a00000|  0%| F|  |TAMS 0x0000000705800000, 0x0000000705800000| Untracked 
|   4|0x0000000705a00000, 0x0000000705a00000, 0x0000000705c00000|  0%| F|  |TAMS 0x0000000705a00000, 0x0000000705a00000| Untracked 
|   5|0x0000000705c00000, 0x0000000705c00000, 0x0000000705e00000|  0%| F|  |TAMS 0x0000000705c00000, 0x0000000705c00000| Untracked 
|   6|0x0000000705e00000, 0x0000000705e00000, 0x0000000706000000|  0%| F|  |TAMS 0x0000000705e00000, 0x0000000705e00000| Untracked 
|   7|0x0000000706000000, 0x0000000706000000, 0x0000000706200000|  0%| F|  |TAMS 0x0000000706000000, 0x0000000706000000| Untracked 
|   8|0x0000000706200000, 0x0000000706200000, 0x0000000706400000|  0%| F|  |TAMS 0x0000000706200000, 0x0000000706200000| Untracked 
|   9|0x0000000706400000, 0x0000000706400000, 0x0000000706600000|  0%| F|  |TAMS 0x0000000706400000, 0x0000000706400000| Untracked 
|  10|0x0000000706600000, 0x0000000706600000, 0x0000000706800000|  0%| F|  |TAMS 0x0000000706600000, 0x0000000706600000| Untracked 
|  11|0x0000000706800000, 0x0000000706800000, 0x0000000706a00000|  0%| F|  |TAMS 0x0000000706800000, 0x0000000706800000| Untracked 
|  12|0x0000000706a00000, 0x0000000706a00000, 0x0000000706c00000|  0%| F|  |TAMS 0x0000000706a00000, 0x0000000706a00000| Untracked 
|  13|0x0000000706c00000, 0x0000000706c00000, 0x0000000706e00000|  0%| F|  |TAMS 0x0000000706c00000, 0x0000000706c00000| Untracked 
|  14|0x0000000706e00000, 0x0000000706e00000, 0x0000000707000000|  0%| F|  |TAMS 0x0000000706e00000, 0x0000000706e00000| Untracked 
|  15|0x0000000707000000, 0x0000000707000000, 0x0000000707200000|  0%| F|  |TAMS 0x0000000707000000, 0x0000000707000000| Untracked 
|  16|0x0000000707200000, 0x0000000707200000, 0x0000000707400000|  0%| F|  |TAMS 0x0000000707200000, 0x0000000707200000| Untracked 
|  17|0x0000000707400000, 0x0000000707400000, 0x0000000707600000|  0%| F|  |TAMS 0x0000000707400000, 0x0000000707400000| Untracked 
|  18|0x0000000707600000, 0x0000000707600000, 0x0000000707800000|  0%| F|  |TAMS 0x0000000707600000, 0x0000000707600000| Untracked 
|  19|0x0000000707800000, 0x0000000707800000, 0x0000000707a00000|  0%| F|  |TAMS 0x0000000707800000, 0x0000000707800000| Untracked 
|  20|0x0000000707a00000, 0x0000000707a00000, 0x0000000707c00000|  0%| F|  |TAMS 0x0000000707a00000, 0x0000000707a00000| Untracked 
|  21|0x0000000707c00000, 0x0000000707c00000, 0x0000000707e00000|  0%| F|  |TAMS 0x0000000707c00000, 0x0000000707c00000| Untracked 
|  22|0x0000000707e00000, 0x0000000707e00000, 0x0000000708000000|  0%| F|  |TAMS 0x0000000707e00000, 0x0000000707e00000| Untracked 
|  23|0x0000000708000000, 0x0000000708000000, 0x0000000708200000|  0%| F|  |TAMS 0x0000000708000000, 0x0000000708000000| Untracked 
|  24|0x0000000708200000, 0x0000000708200000, 0x0000000708400000|  0%| F|  |TAMS 0x0000000708200000, 0x0000000708200000| Untracked 
|  25|0x0000000708400000, 0x0000000708400000, 0x0000000708600000|  0%| F|  |TAMS 0x0000000708400000, 0x0000000708400000| Untracked 
|  26|0x0000000708600000, 0x0000000708600000, 0x0000000708800000|  0%| F|  |TAMS 0x0000000708600000, 0x0000000708600000| Untracked 
|  27|0x0000000708800000, 0x0000000708800000, 0x0000000708a00000|  0%| F|  |TAMS 0x0000000708800000, 0x0000000708800000| Untracked 
|  28|0x0000000708a00000, 0x0000000708a00000, 0x0000000708c00000|  0%| F|  |TAMS 0x0000000708a00000, 0x0000000708a00000| Untracked 
|  29|0x0000000708c00000, 0x0000000708c00000, 0x0000000708e00000|  0%| F|  |TAMS 0x0000000708c00000, 0x0000000708c00000| Untracked 
|  30|0x0000000708e00000, 0x0000000708e00000, 0x0000000709000000|  0%| F|  |TAMS 0x0000000708e00000, 0x0000000708e00000| Untracked 
|  31|0x0000000709000000, 0x0000000709000000, 0x0000000709200000|  0%| F|  |TAMS 0x0000000709000000, 0x0000000709000000| Untracked 
|  32|0x0000000709200000, 0x0000000709200000, 0x0000000709400000|  0%| F|  |TAMS 0x0000000709200000, 0x0000000709200000| Untracked 
|  33|0x0000000709400000, 0x0000000709400000, 0x0000000709600000|  0%| F|  |TAMS 0x0000000709400000, 0x0000000709400000| Untracked 
|  34|0x0000000709600000, 0x0000000709600000, 0x0000000709800000|  0%| F|  |TAMS 0x0000000709600000, 0x0000000709600000| Untracked 
|  35|0x0000000709800000, 0x0000000709800000, 0x0000000709a00000|  0%| F|  |TAMS 0x0000000709800000, 0x0000000709800000| Untracked 
|  36|0x0000000709a00000, 0x0000000709a00000, 0x0000000709c00000|  0%| F|  |TAMS 0x0000000709a00000, 0x0000000709a00000| Untracked 
|  37|0x0000000709c00000, 0x0000000709c00000, 0x0000000709e00000|  0%| F|  |TAMS 0x0000000709c00000, 0x0000000709c00000| Untracked 
|  38|0x0000000709e00000, 0x0000000709e00000, 0x000000070a000000|  0%| F|  |TAMS 0x0000000709e00000, 0x0000000709e00000| Untracked 
|  39|0x000000070a000000, 0x000000070a000000, 0x000000070a200000|  0%| F|  |TAMS 0x000000070a000000, 0x000000070a000000| Untracked 
|  40|0x000000070a200000, 0x000000070a200000, 0x000000070a400000|  0%| F|  |TAMS 0x000000070a200000, 0x000000070a200000| Untracked 
|  41|0x000000070a400000, 0x000000070a400000, 0x000000070a600000|  0%| F|  |TAMS 0x000000070a400000, 0x000000070a400000| Untracked 
|  42|0x000000070a600000, 0x000000070a600000, 0x000000070a800000|  0%| F|  |TAMS 0x000000070a600000, 0x000000070a600000| Untracked 
|  43|0x000000070a800000, 0x000000070a800000, 0x000000070aa00000|  0%| F|  |TAMS 0x000000070a800000, 0x000000070a800000| Untracked 
|  44|0x000000070aa00000, 0x000000070aa00000, 0x000000070ac00000|  0%| F|  |TAMS 0x000000070aa00000, 0x000000070aa00000| Untracked 
|  45|0x000000070ac00000, 0x000000070ac00000, 0x000000070ae00000|  0%| F|  |TAMS 0x000000070ac00000, 0x000000070ac00000| Untracked 
|  46|0x000000070ae00000, 0x000000070ae00000, 0x000000070b000000|  0%| F|  |TAMS 0x000000070ae00000, 0x000000070ae00000| Untracked 
|  47|0x000000070b000000, 0x000000070b000000, 0x000000070b200000|  0%| F|  |TAMS 0x000000070b000000, 0x000000070b000000| Untracked 
|  48|0x000000070b200000, 0x000000070b200000, 0x000000070b400000|  0%| F|  |TAMS 0x000000070b200000, 0x000000070b200000| Untracked 
|  49|0x000000070b400000, 0x000000070b400000, 0x000000070b600000|  0%| F|  |TAMS 0x000000070b400000, 0x000000070b400000| Untracked 
|  50|0x000000070b600000, 0x000000070b600000, 0x000000070b800000|  0%| F|  |TAMS 0x000000070b600000, 0x000000070b600000| Untracked 
|  51|0x000000070b800000, 0x000000070b800000, 0x000000070ba00000|  0%| F|  |TAMS 0x000000070b800000, 0x000000070b800000| Untracked 
|  52|0x000000070ba00000, 0x000000070ba00000, 0x000000070bc00000|  0%| F|  |TAMS 0x000000070ba00000, 0x000000070ba00000| Untracked 
|  53|0x000000070bc00000, 0x000000070bc00000, 0x000000070be00000|  0%| F|  |TAMS 0x000000070bc00000, 0x000000070bc00000| Untracked 
|  54|0x000000070be00000, 0x000000070be00000, 0x000000070c000000|  0%| F|  |TAMS 0x000000070be00000, 0x000000070be00000| Untracked 
|  55|0x000000070c000000, 0x000000070c000000, 0x000000070c200000|  0%| F|  |TAMS 0x000000070c000000, 0x000000070c000000| Untracked 
|  56|0x000000070c200000, 0x000000070c200000, 0x000000070c400000|  0%| F|  |TAMS 0x000000070c200000, 0x000000070c200000| Untracked 
|  57|0x000000070c400000, 0x000000070c400000, 0x000000070c600000|  0%| F|  |TAMS 0x000000070c400000, 0x000000070c400000| Untracked 
|  58|0x000000070c600000, 0x000000070c600000, 0x000000070c800000|  0%| F|  |TAMS 0x000000070c600000, 0x000000070c600000| Untracked 
|  59|0x000000070c800000, 0x000000070c800000, 0x000000070ca00000|  0%| F|  |TAMS 0x000000070c800000, 0x000000070c800000| Untracked 
|  60|0x000000070ca00000, 0x000000070ca00000, 0x000000070cc00000|  0%| F|  |TAMS 0x000000070ca00000, 0x000000070ca00000| Untracked 
|  61|0x000000070cc00000, 0x000000070cc00000, 0x000000070ce00000|  0%| F|  |TAMS 0x000000070cc00000, 0x000000070cc00000| Untracked 
|  62|0x000000070ce00000, 0x000000070ce00000, 0x000000070d000000|  0%| F|  |TAMS 0x000000070ce00000, 0x000000070ce00000| Untracked 
|  63|0x000000070d000000, 0x000000070d000000, 0x000000070d200000|  0%| F|  |TAMS 0x000000070d000000, 0x000000070d000000| Untracked 
|  64|0x000000070d200000, 0x000000070d200000, 0x000000070d400000|  0%| F|  |TAMS 0x000000070d200000, 0x000000070d200000| Untracked 
|  65|0x000000070d400000, 0x000000070d400000, 0x000000070d600000|  0%| F|  |TAMS 0x000000070d400000, 0x000000070d400000| Untracked 
|  66|0x000000070d600000, 0x000000070d600000, 0x000000070d800000|  0%| F|  |TAMS 0x000000070d600000, 0x000000070d600000| Untracked 
|  67|0x000000070d800000, 0x000000070d800000, 0x000000070da00000|  0%| F|  |TAMS 0x000000070d800000, 0x000000070d800000| Untracked 
|  68|0x000000070da00000, 0x000000070da00000, 0x000000070dc00000|  0%| F|  |TAMS 0x000000070da00000, 0x000000070da00000| Untracked 
|  69|0x000000070dc00000, 0x000000070dc00000, 0x000000070de00000|  0%| F|  |TAMS 0x000000070dc00000, 0x000000070dc00000| Untracked 
|  70|0x000000070de00000, 0x000000070de00000, 0x000000070e000000|  0%| F|  |TAMS 0x000000070de00000, 0x000000070de00000| Untracked 
|  71|0x000000070e000000, 0x000000070e000000, 0x000000070e200000|  0%| F|  |TAMS 0x000000070e000000, 0x000000070e000000| Untracked 
|  72|0x000000070e200000, 0x000000070e200000, 0x000000070e400000|  0%| F|  |TAMS 0x000000070e200000, 0x000000070e200000| Untracked 
|  73|0x000000070e400000, 0x000000070e400000, 0x000000070e600000|  0%| F|  |TAMS 0x000000070e400000, 0x000000070e400000| Untracked 
|  74|0x000000070e600000, 0x000000070e600000, 0x000000070e800000|  0%| F|  |TAMS 0x000000070e600000, 0x000000070e600000| Untracked 
|  75|0x000000070e800000, 0x000000070e800000, 0x000000070ea00000|  0%| F|  |TAMS 0x000000070e800000, 0x000000070e800000| Untracked 
|  76|0x000000070ea00000, 0x000000070ea00000, 0x000000070ec00000|  0%| F|  |TAMS 0x000000070ea00000, 0x000000070ea00000| Untracked 
|  77|0x000000070ec00000, 0x000000070ec00000, 0x000000070ee00000|  0%| F|  |TAMS 0x000000070ec00000, 0x000000070ec00000| Untracked 
|  78|0x000000070ee00000, 0x000000070ee00000, 0x000000070f000000|  0%| F|  |TAMS 0x000000070ee00000, 0x000000070ee00000| Untracked 
|  79|0x000000070f000000, 0x000000070f000000, 0x000000070f200000|  0%| F|  |TAMS 0x000000070f000000, 0x000000070f000000| Untracked 
|  80|0x000000070f200000, 0x000000070f200000, 0x000000070f400000|  0%| F|  |TAMS 0x000000070f200000, 0x000000070f200000| Untracked 
|  81|0x000000070f400000, 0x000000070f400000, 0x000000070f600000|  0%| F|  |TAMS 0x000000070f400000, 0x000000070f400000| Untracked 
|  82|0x000000070f600000, 0x000000070f600000, 0x000000070f800000|  0%| F|  |TAMS 0x000000070f600000, 0x000000070f600000| Untracked 
|  83|0x000000070f800000, 0x000000070f800000, 0x000000070fa00000|  0%| F|  |TAMS 0x000000070f800000, 0x000000070f800000| Untracked 
|  84|0x000000070fa00000, 0x000000070fa00000, 0x000000070fc00000|  0%| F|  |TAMS 0x000000070fa00000, 0x000000070fa00000| Untracked 
|  85|0x000000070fc00000, 0x000000070fc00000, 0x000000070fe00000|  0%| F|  |TAMS 0x000000070fc00000, 0x000000070fc00000| Untracked 
|  86|0x000000070fe00000, 0x000000070fe00000, 0x0000000710000000|  0%| F|  |TAMS 0x000000070fe00000, 0x000000070fe00000| Untracked 
|  87|0x0000000710000000, 0x0000000710000000, 0x0000000710200000|  0%| F|  |TAMS 0x0000000710000000, 0x0000000710000000| Untracked 
|  88|0x0000000710200000, 0x0000000710200000, 0x0000000710400000|  0%| F|  |TAMS 0x0000000710200000, 0x0000000710200000| Untracked 
|  89|0x0000000710400000, 0x0000000710400000, 0x0000000710600000|  0%| F|  |TAMS 0x0000000710400000, 0x0000000710400000| Untracked 
|  90|0x0000000710600000, 0x0000000710600000, 0x0000000710800000|  0%| F|  |TAMS 0x0000000710600000, 0x0000000710600000| Untracked 
|  91|0x0000000710800000, 0x0000000710800000, 0x0000000710a00000|  0%| F|  |TAMS 0x0000000710800000, 0x0000000710800000| Untracked 
|  92|0x0000000710a00000, 0x0000000710a00000, 0x0000000710c00000|  0%| F|  |TAMS 0x0000000710a00000, 0x0000000710a00000| Untracked 
|  93|0x0000000710c00000, 0x0000000710c00000, 0x0000000710e00000|  0%| F|  |TAMS 0x0000000710c00000, 0x0000000710c00000| Untracked 
|  94|0x0000000710e00000, 0x0000000710e00000, 0x0000000711000000|  0%| F|  |TAMS 0x0000000710e00000, 0x0000000710e00000| Untracked 
|  95|0x0000000711000000, 0x0000000711000000, 0x0000000711200000|  0%| F|  |TAMS 0x0000000711000000, 0x0000000711000000| Untracked 
|  96|0x0000000711200000, 0x0000000711200000, 0x0000000711400000|  0%| F|  |TAMS 0x0000000711200000, 0x0000000711200000| Untracked 
|  97|0x0000000711400000, 0x0000000711400000, 0x0000000711600000|  0%| F|  |TAMS 0x0000000711400000, 0x0000000711400000| Untracked 
|  98|0x0000000711600000, 0x0000000711600000, 0x0000000711800000|  0%| F|  |TAMS 0x0000000711600000, 0x0000000711600000| Untracked 
|  99|0x0000000711800000, 0x0000000711800000, 0x0000000711a00000|  0%| F|  |TAMS 0x0000000711800000, 0x0000000711800000| Untracked 
| 100|0x0000000711a00000, 0x0000000711a00000, 0x0000000711c00000|  0%| F|  |TAMS 0x0000000711a00000, 0x0000000711a00000| Untracked 
| 101|0x0000000711c00000, 0x0000000711c00000, 0x0000000711e00000|  0%| F|  |TAMS 0x0000000711c00000, 0x0000000711c00000| Untracked 
| 102|0x0000000711e00000, 0x0000000711e00000, 0x0000000712000000|  0%| F|  |TAMS 0x0000000711e00000, 0x0000000711e00000| Untracked 
| 103|0x0000000712000000, 0x0000000712000000, 0x0000000712200000|  0%| F|  |TAMS 0x0000000712000000, 0x0000000712000000| Untracked 
| 104|0x0000000712200000, 0x0000000712200000, 0x0000000712400000|  0%| F|  |TAMS 0x0000000712200000, 0x0000000712200000| Untracked 
| 105|0x0000000712400000, 0x0000000712400000, 0x0000000712600000|  0%| F|  |TAMS 0x0000000712400000, 0x0000000712400000| Untracked 
| 106|0x0000000712600000, 0x0000000712600000, 0x0000000712800000|  0%| F|  |TAMS 0x0000000712600000, 0x0000000712600000| Untracked 
| 107|0x0000000712800000, 0x0000000712800000, 0x0000000712a00000|  0%| F|  |TAMS 0x0000000712800000, 0x0000000712800000| Untracked 
| 108|0x0000000712a00000, 0x0000000712a00000, 0x0000000712c00000|  0%| F|  |TAMS 0x0000000712a00000, 0x0000000712a00000| Untracked 
| 109|0x0000000712c00000, 0x0000000712c00000, 0x0000000712e00000|  0%| F|  |TAMS 0x0000000712c00000, 0x0000000712c00000| Untracked 
| 110|0x0000000712e00000, 0x0000000712e00000, 0x0000000713000000|  0%| F|  |TAMS 0x0000000712e00000, 0x0000000712e00000| Untracked 
| 111|0x0000000713000000, 0x0000000713000000, 0x0000000713200000|  0%| F|  |TAMS 0x0000000713000000, 0x0000000713000000| Untracked 
| 112|0x0000000713200000, 0x0000000713200000, 0x0000000713400000|  0%| F|  |TAMS 0x0000000713200000, 0x0000000713200000| Untracked 
| 113|0x0000000713400000, 0x0000000713400000, 0x0000000713600000|  0%| F|  |TAMS 0x0000000713400000, 0x0000000713400000| Untracked 
| 114|0x0000000713600000, 0x0000000713600000, 0x0000000713800000|  0%| F|  |TAMS 0x0000000713600000, 0x0000000713600000| Untracked 
| 115|0x0000000713800000, 0x0000000713800000, 0x0000000713a00000|  0%| F|  |TAMS 0x0000000713800000, 0x0000000713800000| Untracked 
| 116|0x0000000713a00000, 0x0000000713a00000, 0x0000000713c00000|  0%| F|  |TAMS 0x0000000713a00000, 0x0000000713a00000| Untracked 
| 117|0x0000000713c00000, 0x0000000713c00000, 0x0000000713e00000|  0%| F|  |TAMS 0x0000000713c00000, 0x0000000713c00000| Untracked 
| 118|0x0000000713e00000, 0x0000000713e00000, 0x0000000714000000|  0%| F|  |TAMS 0x0000000713e00000, 0x0000000713e00000| Untracked 
| 119|0x0000000714000000, 0x0000000714000000, 0x0000000714200000|  0%| F|  |TAMS 0x0000000714000000, 0x0000000714000000| Untracked 
| 120|0x0000000714200000, 0x0000000714200000, 0x0000000714400000|  0%| F|  |TAMS 0x0000000714200000, 0x0000000714200000| Untracked 
| 121|0x0000000714400000, 0x00000007144e2b90, 0x0000000714600000| 44%| E|  |TAMS 0x0000000714400000, 0x0000000714400000| Complete 
| 122|0x0000000714600000, 0x0000000714800000, 0x0000000714800000|100%| E|CS|TAMS 0x0000000714600000, 0x0000000714600000| Complete 
| 123|0x0000000714800000, 0x0000000714a00000, 0x0000000714a00000|100%| E|CS|TAMS 0x0000000714800000, 0x0000000714800000| Complete 
| 124|0x0000000714a00000, 0x0000000714c00000, 0x0000000714c00000|100%| E|CS|TAMS 0x0000000714a00000, 0x0000000714a00000| Complete 
| 125|0x0000000714c00000, 0x0000000714e00000, 0x0000000714e00000|100%| E|CS|TAMS 0x0000000714c00000, 0x0000000714c00000| Complete 

Card table byte_map: [0x00000141f5b80000,0x00000141f6360000] _byte_map_base: 0x00000141f2357000

Marking Bits (Prev, Next): (CMBitMap*) 0x00000141de648aa0, (CMBitMap*) 0x00000141de648ae0
 Prev Bits: [0x00000141f6b40000, 0x00000141fa9f8000)
 Next Bits: [0x00000141faa00000, 0x00000141fe8b8000)

Polling page: 0x00000141dddd0000

Metaspace:

Usage:
  Non-class:      6.78 MB used.
      Class:   1011.41 KB used.
       Both:      7.77 MB used.

Virtual space:
  Non-class space:        8.00 MB reserved,       6.81 MB ( 85%) committed,  1 nodes.
      Class space:        1.00 GB reserved,       1.06 MB ( <1%) committed,  1 nodes.
             Both:        1.01 GB reserved,       7.88 MB ( <1%) committed. 

Chunk freelists:
   Non-Class:  1.00 MB
       Class:  2.75 MB
        Both:  3.75 MB

MaxMetaspaceSize: unlimited
CompressedClassSpaceSize: 1.00 GB
Initial GC threshold: 21.00 MB
Current GC threshold: 21.00 MB
CDS: on
MetaspaceReclaimPolicy: balanced
 - commit_granule_bytes: 65536.
 - commit_granule_words: 8192.
 - virtual_space_node_default_size: 1048576.
 - enlarge_chunks_in_place: 1.
 - new_chunks_are_fully_committed: 0.
 - uncommit_free_chunks: 1.
 - use_allocation_guard: 0.
 - handle_deallocations: 1.


Internal statistics:

num_allocs_failed_limit: 0.
num_arena_births: 92.
num_arena_deaths: 0.
num_vsnodes_births: 2.
num_vsnodes_deaths: 0.
num_space_committed: 126.
num_space_uncommitted: 0.
num_chunks_returned_to_freelist: 0.
num_chunks_taken_from_freelist: 148.
num_chunk_merges: 0.
num_chunk_splits: 82.
num_chunks_enlarged: 27.
num_purges: 0.
num_inconsistent_stats: 0.

CodeHeap 'non-profiled nmethods': size=120000Kb used=250Kb max_used=250Kb free=119749Kb
 bounds [0x00000141ed920000, 0x00000141edb90000, 0x00000141f4e50000]
CodeHeap 'profiled nmethods': size=120000Kb used=1358Kb max_used=1358Kb free=118641Kb
 bounds [0x00000141e63f0000, 0x00000141e6660000, 0x00000141ed920000]
CodeHeap 'non-nmethods': size=5760Kb used=1233Kb max_used=1248Kb free=4526Kb
 bounds [0x00000141e5e50000, 0x00000141e60c0000, 0x00000141e63f0000]
 total_blobs=1417 nmethods=868 adapters=462
 compilation: enabled
              stopped_count=0, restarted_count=0
 full_count=0

Compilation events (20 events):
Event: 0.543 Thread 0x00000141ff560f50  861       3       javax.swing.UIDefaults::get (21 bytes)
Event: 0.543 Thread 0x00000141ff560f50 nmethod 861 0x00000141e653fd10 code [0x00000141e653fec0, 0x00000141e65400b8]
Event: 0.543 Thread 0x00000141ff560f50  863       3       java.util.HashMap::tableSizeFor (32 bytes)
Event: 0.544 Thread 0x00000141ff55e4a0 nmethod 860 0x00000141ed95e110 code [0x00000141ed95e2a0, 0x00000141ed95e388]
Event: 0.544 Thread 0x00000141ff560f50 nmethod 863 0x00000141e6540190 code [0x00000141e6540340, 0x00000141e6540568]
Event: 0.544 Thread 0x00000141ff560f50  862       1       java.awt.Component::isEnabledImpl (5 bytes)
Event: 0.544 Thread 0x00000141ff560f50 nmethod 862 0x00000141ed95e490 code [0x00000141ed95e620, 0x00000141ed95e6f8]
Event: 0.545 Thread 0x00000141ff560f50  864       3       java.security.AccessControlContext::optimize (319 bytes)
Event: 0.547 Thread 0x00000141ff560f50 nmethod 864 0x00000141e6540610 code [0x00000141e6540980, 0x00000141e6541f98]
Event: 0.547 Thread 0x00000141ff560f50  865       3       javax.swing.text.GapContent$MarkData::getOffset (46 bytes)
Event: 0.547 Thread 0x00000141ff560f50 nmethod 865 0x00000141e6542610 code [0x00000141e65427c0, 0x00000141e6542a18]
Event: 0.547 Thread 0x00000141ff560f50  866       3       javax.swing.text.GapContent$StickyPosition::getOffset (8 bytes)
Event: 0.547 Thread 0x00000141ff560f50 nmethod 866 0x00000141e6542b10 code [0x00000141e6542cc0, 0x00000141e6542e08]
Event: 0.547 Thread 0x00000141ff560f50  867       3       java.awt.Component::getParent (5 bytes)
Event: 0.547 Thread 0x00000141ff560f50 nmethod 867 0x00000141e6542f10 code [0x00000141e65430a0, 0x00000141e65431b8]
Event: 0.547 Thread 0x00000141ff560f50  868       1       java.awt.AWTEvent::getID (5 bytes)
Event: 0.547 Thread 0x00000141ff560f50 nmethod 868 0x00000141ed95e790 code [0x00000141ed95e920, 0x00000141ed95e9f8]
Event: 0.548 Thread 0x00000141ff560f50  869       3       java.awt.Color::equals (27 bytes)
Event: 0.548 Thread 0x00000141ff560f50 nmethod 869 0x00000141e6543290 code [0x00000141e6543440, 0x00000141e6543918]
Event: 0.548 Thread 0x00000141ff560f50  870       3       javax.swing.JComponent::revalidate (53 bytes)

GC Heap History (0 events):
No events

Deoptimization events (16 events):
Event: 0.114 Thread 0x00000141de5f9760 Uncommon trap: trap_request=0xffffff45 fr.pc=0x00000141ed92f0b0 relative=0x00000000000008d0
Event: 0.114 Thread 0x00000141de5f9760 Uncommon trap: reason=unstable_if action=reinterpret pc=0x00000141ed92f0b0 method=java.util.HashMap.putVal(ILjava/lang/Object;Ljava/lang/Object;ZZ)Ljava/lang/Object; @ 81 c2
Event: 0.114 Thread 0x00000141de5f9760 DEOPT PACKING pc=0x00000141ed92f0b0 sp=0x0000003bd1efe1e0
Event: 0.114 Thread 0x00000141de5f9760 DEOPT UNPACKING pc=0x00000141e5ea23a3 sp=0x0000003bd1efe180 mode 2
Event: 0.310 Thread 0x00000141de5f9760 Uncommon trap: trap_request=0xffffff45 fr.pc=0x00000141ed94d87c relative=0x00000000000003dc
Event: 0.310 Thread 0x00000141de5f9760 Uncommon trap: reason=unstable_if action=reinterpret pc=0x00000141ed94d87c method=java.lang.StringLatin1.newString([BII)Ljava/lang/String; @ 1 c2
Event: 0.310 Thread 0x00000141de5f9760 DEOPT PACKING pc=0x00000141ed94d87c sp=0x0000003bd1efe690
Event: 0.310 Thread 0x00000141de5f9760 DEOPT UNPACKING pc=0x00000141e5ea23a3 sp=0x0000003bd1efe670 mode 2
Event: 0.442 Thread 0x00000141de5f9760 Uncommon trap: trap_request=0xffffff45 fr.pc=0x00000141ed9546c0 relative=0x0000000000000340
Event: 0.442 Thread 0x00000141de5f9760 Uncommon trap: reason=unstable_if action=reinterpret pc=0x00000141ed9546c0 method=java.lang.StringUTF16.compress([CI[BII)I @ 20 c2
Event: 0.442 Thread 0x00000141de5f9760 DEOPT PACKING pc=0x00000141ed9546c0 sp=0x0000003bd1efcb60
Event: 0.442 Thread 0x00000141de5f9760 DEOPT UNPACKING pc=0x00000141e5ea23a3 sp=0x0000003bd1efcae0 mode 2
Event: 0.443 Thread 0x00000141de5f9760 Uncommon trap: trap_request=0xffffff45 fr.pc=0x00000141ed94cccc relative=0x000000000000022c
Event: 0.443 Thread 0x00000141de5f9760 Uncommon trap: reason=unstable_if action=reinterpret pc=0x00000141ed94cccc method=java.util.StringTokenizer.scanToken(I)I @ 42 c2
Event: 0.443 Thread 0x00000141de5f9760 DEOPT PACKING pc=0x00000141ed94cccc sp=0x0000003bd1efce80
Event: 0.443 Thread 0x00000141de5f9760 DEOPT UNPACKING pc=0x00000141e5ea23a3 sp=0x0000003bd1efce10 mode 2

Classes unloaded (0 events):
No events

Classes redefined (0 events):
No events

Internal exceptions (14 events):
Event: 0.090 Thread 0x00000141de5f9760 Exception <a 'sun/nio/fs/WindowsException'{0x0000000714d26438}> (0x0000000714d26438) 
thrown [t:\workspace\open\src\hotspot\share\prims\jni.cpp, line 516]
Event: 0.090 Thread 0x00000141de5f9760 Exception <a 'sun/nio/fs/WindowsException'{0x0000000714d269f8}> (0x0000000714d269f8) 
thrown [t:\workspace\open\src\hotspot\share\prims\jni.cpp, line 516]
Event: 0.091 Thread 0x00000141de5f9760 Exception <a 'sun/nio/fs/WindowsException'{0x0000000714d28fd8}> (0x0000000714d28fd8) 
thrown [t:\workspace\open\src\hotspot\share\prims\jni.cpp, line 516]
Event: 0.091 Thread 0x00000141de5f9760 Exception <a 'sun/nio/fs/WindowsException'{0x0000000714d29b68}> (0x0000000714d29b68) 
thrown [t:\workspace\open\src\hotspot\share\prims\jni.cpp, line 516]
Event: 0.130 Thread 0x00000141de5f9760 Exception <a 'java/lang/ClassNotFoundException'{0x0000000714a769b0}: sun/awt/resources/spi/awtProvider> (0x0000000714a769b0) 
thrown [t:\workspace\open\src\hotspot\share\classfile\systemDictionary.cpp, line 256]
Event: 0.146 Thread 0x00000141de5f9760 Exception <a 'java/io/FileNotFoundException'{0x0000000714ac9a80}> (0x0000000714ac9a80) 
thrown [t:\workspace\open\src\hotspot\share\prims\jni.cpp, line 516]
Event: 0.154 Thread 0x00000141de5f9760 Exception <a 'java/io/FileNotFoundException'{0x0000000714af6bb8}> (0x0000000714af6bb8) 
thrown [t:\workspace\open\src\hotspot\share\prims\jni.cpp, line 516]
Event: 0.187 Thread 0x00000141de5f9760 Exception <a 'java/lang/NoSuchMethodError'{0x0000000714b3ad70}: 'java.lang.Object java.lang.invoke.DirectMethodHandle$Holder.invokeStaticInit(java.lang.Object)'> (0x0000000714b3ad70) 
thrown [t:\workspace\open\src\hotspot\share\interpreter\linkResolver.cpp, line 766]
Event: 0.214 Thread 0x00000141de5f9760 Exception <a 'java/lang/NoSuchMethodError'{0x0000000714bf5610}: 'void java.lang.invoke.DirectMethodHandle$Holder.invokeSpecial(java.lang.Object, java.lang.Object, java.lang.Object)'> (0x0000000714bf5610) 
thrown [t:\workspace\open\src\hotspot\share\interpreter\linkResolver.cpp, line 766]
Event: 0.220 Thread 0x00000141de5f9760 Exception <a 'java/lang/NoSuchMethodError'{0x000000071481ffa8}: 'java.lang.Object java.lang.invoke.DirectMethodHandle$Holder.newInvokeSpecial(java.lang.Object, java.lang.Object, java.lang.Object, java.lang.Object, java.lang.Object)'> (0x000000071481ffa8) 
thrown [t:\workspace\open\src\hotspot\share\interpreter\linkResolver.cpp, line 766]
Event: 0.222 Thread 0x00000141de5f9760 Exception <a 'java/lang/NoSuchMethodError'{0x000000071482b970}: 'java.lang.Object java.lang.invoke.DirectMethodHandle$Holder.invokeStatic(java.lang.Object, int, java.lang.Object, java.lang.Object, java.lang.Object, java.lang.Object)'> (0x000000071482b970) 
thrown [t:\workspace\open\src\hotspot\share\interpreter\linkResolver.cpp, line 766]
Event: 0.225 Thread 0x00000141de5f9760 Exception <a 'java/lang/NoSuchMethodError'{0x0000000714851130}: 'java.lang.Object java.lang.invoke.DirectMethodHandle$Holder.invokeStatic(java.lang.Object, int, java.lang.Object)'> (0x0000000714851130) 
thrown [t:\workspace\open\src\hotspot\share\interpreter\linkResolver.cpp, line 766]
Event: 0.246 Thread 0x00000141de5f9760 Exception <a 'java/lang/ClassNotFoundException'{0x0000000714908e30}: com/sun/swing/internal/plaf/metal/resources/spi/metalProvider> (0x0000000714908e30) 
thrown [t:\workspace\open\src\hotspot\share\classfile\systemDictionary.cpp, line 256]
Event: 0.247 Thread 0x00000141de5f9760 Exception <a 'java/lang/ClassNotFoundException'{0x000000071490ccd8}: com/sun/swing/internal/plaf/basic/resources/spi/basicProvider> (0x000000071490ccd8) 
thrown [t:\workspace\open\src\hotspot\share\classfile\systemDictionary.cpp, line 256]

VM Operations (6 events):
Event: 0.093 Executing VM operation: HandshakeAllThreads
Event: 0.093 Executing VM operation: HandshakeAllThreads done
Event: 0.268 Executing VM operation: HandshakeAllThreads
Event: 0.268 Executing VM operation: HandshakeAllThreads done
Event: 0.451 Executing VM operation: HandshakeAllThreads
Event: 0.451 Executing VM operation: HandshakeAllThreads done

Events (20 events):
Event: 0.509 loading class javax/swing/event/ListDataEvent done
Event: 0.509 loading class javax/swing/event/ListSelectionEvent
Event: 0.509 loading class javax/swing/event/ListSelectionEvent done
Event: 0.538 loading class java/awt/event/PaintEvent
Event: 0.538 loading class java/awt/event/PaintEvent done
Event: 0.538 loading class sun/awt/dnd/SunDropTargetEvent
Event: 0.538 loading class sun/awt/dnd/SunDropTargetEvent done
Event: 0.539 loading class java/awt/event/ContainerEvent
Event: 0.539 loading class java/awt/event/ContainerEvent done
Event: 0.540 loading class javax/swing/BorderFactory
Event: 0.540 loading class javax/swing/BorderFactory done
Event: 0.540 loading class javax/swing/border/BevelBorder
Event: 0.541 loading class javax/swing/border/BevelBorder done
Event: 0.541 loading class javax/swing/border/EtchedBorder
Event: 0.541 loading class javax/swing/border/EtchedBorder done
Event: 0.547 loading class java/awt/GridLayout
Event: 0.547 loading class java/awt/GridLayout done
Event: 0.548 loading class jdk/internal/reflect/MethodAccessorGenerator
Event: 0.548 loading class jdk/internal/reflect/AccessorGenerator
Event: 0.548 loading class jdk/internal/reflect/ClassFileConstants


Dynamic libraries:
0x00007ff7aca10000 - 0x00007ff7aca20000 	C:\Program Files\Java\jdk-17.0.2\bin\java.exe
0x00007ffdaa1b0000 - 0x00007ffdaa3c4000 	C:\windows\SYSTEM32\ntdll.dll
0x00007ffda9af0000 - 0x00007ffda9bb2000 	C:\windows\System32\KERNEL32.DLL
0x00007ffda7ab0000 - 0x00007ffda7e53000 	C:\windows\System32\KERNELBASE.dll
0x00007ffda7e90000 - 0x00007ffda7fa1000 	C:\windows\System32\ucrtbase.dll
0x00007ffd687f0000 - 0x00007ffd6880a000 	C:\Program Files\Java\jdk-17.0.2\bin\VCRUNTIME140.dll
0x00007ffd8ee30000 - 0x00007ffd8ee48000 	C:\Program Files\Java\jdk-17.0.2\bin\jli.dll
0x00007ffda8230000 - 0x00007ffda82de000 	C:\windows\System32\ADVAPI32.dll
0x00007ffda8090000 - 0x00007ffda8137000 	C:\windows\System32\msvcrt.dll
0x00007ffda8c40000 - 0x00007ffda8ce4000 	C:\windows\System32\sechost.dll
0x00007ffda9e20000 - 0x00007ffda9f37000 	C:\windows\System32\RPCRT4.dll
0x00007ffda98e0000 - 0x00007ffda9a8b000 	C:\windows\System32\USER32.dll
0x00007ffda7e60000 - 0x00007ffda7e86000 	C:\windows\System32\win32u.dll
0x00007ffda8200000 - 0x00007ffda8229000 	C:\windows\System32\GDI32.dll
0x00007ffd85870000 - 0x00007ffd85afe000 	C:\windows\WinSxS\amd64_microsoft.windows.common-controls_6595b64144ccf1df_6.0.22621.1635_none_270f70857386168e\COMCTL32.dll
0x00007ffda7920000 - 0x00007ffda7a38000 	C:\windows\System32\gdi32full.dll
0x00007ffda7710000 - 0x00007ffda77aa000 	C:\windows\System32\msvcp_win.dll
0x00007ffd9f920000 - 0x00007ffd9f92a000 	C:\windows\SYSTEM32\VERSION.dll
0x00007ffda8900000 - 0x00007ffda8931000 	C:\windows\System32\IMM32.DLL
0x00007ffd90ba0000 - 0x00007ffd90bac000 	C:\Program Files\Java\jdk-17.0.2\bin\vcruntime140_1.dll
0x00007ffd4f100000 - 0x00007ffd4f18d000 	C:\Program Files\Java\jdk-17.0.2\bin\msvcp140.dll
0x00007ffd25e00000 - 0x00007ffd269c1000 	C:\Program Files\Java\jdk-17.0.2\bin\server\jvm.dll
0x00007ffdaa0e0000 - 0x00007ffdaa0e8000 	C:\windows\System32\PSAPI.DLL
0x00007ffda1030000 - 0x00007ffda1064000 	C:\windows\SYSTEM32\WINMM.dll
0x00007ffd89570000 - 0x00007ffd89579000 	C:\windows\SYSTEM32\WSOCK32.dll
0x00007ffdaa0f0000 - 0x00007ffdaa161000 	C:\windows\System32\WS2_32.dll
0x00007ffda6620000 - 0x00007ffda6638000 	C:\windows\SYSTEM32\kernel.appcore.dll
0x00007ffd6f030000 - 0x00007ffd6f03a000 	C:\Program Files\Java\jdk-17.0.2\bin\jimage.dll
0x00007ffda5030000 - 0x00007ffda525e000 	C:\windows\SYSTEM32\DBGHELP.DLL
0x00007ffda9550000 - 0x00007ffda98d9000 	C:\windows\System32\combase.dll
0x00007ffda7fb0000 - 0x00007ffda8087000 	C:\windows\System32\OLEAUT32.dll
0x00007ffd91530000 - 0x00007ffd91562000 	C:\windows\SYSTEM32\dbgcore.DLL
0x00007ffda7690000 - 0x00007ffda770b000 	C:\windows\System32\bcryptPrimitives.dll
0x00007ffd687c0000 - 0x00007ffd687e5000 	C:\Program Files\Java\jdk-17.0.2\bin\java.dll
0x00007ffd4f360000 - 0x00007ffd4f436000 	C:\Program Files\Java\jdk-17.0.2\bin\jsvml.dll
0x00007ffda8cf0000 - 0x00007ffda94ea000 	C:\windows\System32\SHELL32.dll
0x00007ffda5580000 - 0x00007ffda5e4e000 	C:\windows\SYSTEM32\windows.storage.dll
0x00007ffda5440000 - 0x00007ffda557e000 	C:\windows\SYSTEM32\wintypes.dll
0x00007ffda9fe0000 - 0x00007ffdaa0d1000 	C:\windows\System32\SHCORE.dll
0x00007ffda8140000 - 0x00007ffda819e000 	C:\windows\System32\shlwapi.dll
0x00007ffda7500000 - 0x00007ffda7521000 	C:\windows\SYSTEM32\profapi.dll
0x00007ffd5bc80000 - 0x00007ffd5bc99000 	C:\Program Files\Java\jdk-17.0.2\bin\net.dll
0x00007ffda3c00000 - 0x00007ffda3d37000 	C:\windows\SYSTEM32\WINHTTP.dll
0x00007ffda6a90000 - 0x00007ffda6af9000 	C:\windows\system32\mswsock.dll
0x00007ffd4f340000 - 0x00007ffd4f356000 	C:\Program Files\Java\jdk-17.0.2\bin\nio.dll
0x00007ffd4f320000 - 0x00007ffd4f338000 	C:\Program Files\Java\jdk-17.0.2\bin\zip.dll
0x00007ffd4f190000 - 0x00007ffd4f31f000 	C:\Program Files\Java\jdk-17.0.2\bin\awt.dll
0x00007ffda2b10000 - 0x00007ffda2ba7000 	C:\windows\SYSTEM32\apphelp.dll
0x00007ffda4aa0000 - 0x00007ffda4acb000 	C:\windows\system32\DWMAPI.DLL
0x00007ffda4830000 - 0x00007ffda48db000 	C:\windows\system32\uxtheme.dll
0x00007ffd4f000000 - 0x00007ffd4f100000 	C:\windows\system32\opengl32.dll
0x00007ffd4efd0000 - 0x00007ffd4effd000 	C:\windows\SYSTEM32\GLU32.dll
0x00007ffda4940000 - 0x00007ffda4976000 	C:\windows\SYSTEM32\dxcore.dll
0x00007ffda8940000 - 0x00007ffda8a5e000 	C:\windows\System32\MSCTF.dll
0x00007ffda9bd0000 - 0x00007ffda9d6c000 	C:\windows\System32\ole32.dll
0x00007ffd6cc70000 - 0x00007ffd6cc80000 	C:\Program Files\Java\jdk-17.0.2\bin\verify.dll
0x00007ffd4ef40000 - 0x00007ffd4efc9000 	C:\Program Files\Java\jdk-17.0.2\bin\freetype.dll
0x00007ffd4ee90000 - 0x00007ffd4ef38000 	C:\Program Files\Java\jdk-17.0.2\bin\fontmanager.dll

dbghelp: loaded successfully - version: 4.0.5 - missing functions: none
symbol engine: initialized successfully - sym options: 0x614 - pdb path: .;C:\Program Files\Java\jdk-17.0.2\bin;C:\windows\SYSTEM32;C:\windows\WinSxS\amd64_microsoft.windows.common-controls_6595b64144ccf1df_6.0.22621.1635_none_270f70857386168e;C:\Program Files\Java\jdk-17.0.2\bin\server

VM Arguments:
jvm_args: -Dfile.encoding=UTF-8 --module-path=C:\Users\kumar\OneDrive\Documents\NetBeansProjects\Employe Management.System\build\classes 
java_command: employe.management.system.AddEmployee
java_class_path (initial): C:\Users\kumar\Downloads\mysql-connector-java-8.0.28.jar;C:\Users\kumar\Downloads\jcalendar-tz-1.3.3-4.jar;C:\Users\kumar\OneDrive\Documents\NetBeansProjects\Employe Management.System\build\classes
Launcher Type: SUN_STANDARD

[Global flags]
     intx CICompilerCount                          = 4                                         {product} {ergonomic}
     uint ConcGCThreads                            = 3                                         {product} {ergonomic}
     uint G1ConcRefinementThreads                  = 10                                        {product} {ergonomic}
   size_t G1HeapRegionSize                         = 2097152                                   {product} {ergonomic}
    uintx GCDrainStackTargetSize                   = 64                                        {product} {ergonomic}
   size_t InitialHeapSize                          = 264241152                                 {product} {ergonomic}
   size_t MarkStackSize                            = 4194304                                   {product} {ergonomic}
   size_t MaxHeapSize                              = 4208984064                                {product} {ergonomic}
   size_t MaxNewSize                               = 2524971008                                {product} {ergonomic}
   size_t MinHeapDeltaBytes                        = 2097152                                   {product} {ergonomic}
   size_t MinHeapSize                              = 8388608                                   {product} {ergonomic}
    uintx NonNMethodCodeHeapSize                   = 5839372                                {pd product} {ergonomic}
    uintx NonProfiledCodeHeapSize                  = 122909434                              {pd product} {ergonomic}
    uintx ProfiledCodeHeapSize                     = 122909434                              {pd product} {ergonomic}
    uintx ReservedCodeCacheSize                    = 251658240                              {pd product} {ergonomic}
     bool SegmentedCodeCache                       = true                                      {product} {ergonomic}
   size_t SoftMaxHeapSize                          = 4208984064                             {manageable} {ergonomic}
     bool UseCompressedClassPointers               = true                           {product lp64_product} {ergonomic}
     bool UseCompressedOops                        = true                           {product lp64_product} {ergonomic}
     bool UseG1GC                                  = true                                      {product} {ergonomic}
     bool UseLargePagesIndividualAllocation        = false                                  {pd product} {ergonomic}

Logging:
Log output configuration:
 #0: stdout all=warning uptime,level,tags
 #1: stderr all=off uptime,level,tags

Environment Variables:
JAVA_HOME=C:\Program Files\Java\jdk-19
PATH=C:\Program Files\Common Files\Oracle\Java\javapath;C:\windows\system32;C:\windows;C:\windows\System32\Wbem;C:\windows\System32\WindowsPowerShell\v1.0\;C:\windows\System32\OpenSSH\;C:\Program Files\Java\jdk-19\bin;C:\Program Files\Git\cmd;C:\Program Files\MySQL\MySQL Shell 8.0\bin\;C:\Users\kumar\AppData\Local\Programs\Python\Python311\Scripts\;C:\Users\kumar\AppData\Local\Programs\Python\Python311\;C:\Users\kumar\AppData\Local\Microsoft\WindowsApps;C:\Users\kumar\AppData\Local\Programs\Microsoft VS Code\bin;C:\Program Files\Java\jdk-17.0.2\bin;
USERNAME=kumar
OS=Windows_NT
PROCESSOR_IDENTIFIER=Intel64 Family 6 Model 154 Stepping 4, GenuineIntel



---------------  S Y S T E M  ---------------

OS:
 Windows 11 , 64 bit Build 22621 (10.0.22621.1635)
OS uptime: 1 days 1:26 hours
Hyper-V role detected

CPU: total 12 (initial active 12) (6 cores per cpu, 2 threads per core) family 6 model 154 stepping 4 microcode 0x423, cx8, cmov, fxsr, ht, mmx, 3dnowpref, sse, sse2, sse3, ssse3, sse4.1, sse4.2, popcnt, lzcnt, tsc, tscinvbit, avx, avx2, aes, erms, clmul, bmi1, bmi2, adx, sha, fma, vzeroupper, clflush, clflushopt, clwb, hv

Memory: 4k page, system-wide physical 16052M (5506M free)
TotalPageFile size 36242M (AvailPageFile size 6M)
current process WorkingSet (physical memory assigned to process): 58M, peak: 58M
current process commit charge ("private bytes"): 356M, peak: 356M

vm_info: Java HotSpot(TM) 64-Bit Server VM (17.0.2+8-LTS-86) for windows-amd64 JRE (17.0.2+8-LTS-86), built on Dec  7 2021 21:51:03 by "mach5one" with MS VC++ 16.8 / 16.9 (VS2019)

END.
